oct. 16, 2023 11:27:36 A. M. co.edu.uniquindio.agenciaDeViajes.modelo.AgenciaDeViajes <init>
INFO: Se crea una nueva instancia de la Agencia de viajes
oct. 16, 2023 11:29:11 A. M. co.edu.uniquindio.agenciaDeViajes.modelo.AgenciaDeViajes <init>
INFO: Se crea una nueva instancia de la Agencia de viajes
oct. 16, 2023 11:30:11 A. M. co.edu.uniquindio.agenciaDeViajes.modelo.AgenciaDeViajes registrarCliente
INFO: Se ha registrado un nuevo cliente con la cedula: 1104804234
oct. 16, 2023 12:37:46 P. M. co.edu.uniquindio.agenciaDeViajes.modelo.AgenciaDeViajes <init>
INFO: Se crea una nueva instancia de la Agencia de viajes
oct. 16, 2023 12:40:01 P. M. co.edu.uniquindio.agenciaDeViajes.modelo.AgenciaDeViajes <init>
INFO: Se crea una nueva instancia de la Agencia de viajes
oct. 16, 2023 1:26:24 P. M. co.edu.uniquindio.agenciaDeViajes.modelo.AgenciaDeViajes <init>
INFO: Se crea una nueva instancia de la Agencia de viajes
oct. 16, 2023 1:29:41 P. M. co.edu.uniquindio.agenciaDeViajes.modelo.AgenciaDeViajes <init>
INFO: Se crea una nueva instancia de la Agencia de viajes
oct. 16, 2023 1:31:06 P. M. co.edu.uniquindio.agenciaDeViajes.modelo.AgenciaDeViajes <init>
INFO: Se crea una nueva instancia de la Agencia de viajes
oct. 16, 2023 1:31:44 P. M. co.edu.uniquindio.agenciaDeViajes.modelo.AgenciaDeViajes verificarDatos
INFO: El usuario: Jacqueline Fajardo ha ingresado
oct. 16, 2023 1:34:23 P. M. co.edu.uniquindio.agenciaDeViajes.modelo.AgenciaDeViajes <init>
INFO: Se crea una nueva instancia de la Agencia de viajes
oct. 16, 2023 3:42:48 P. M. co.edu.uniquindio.agenciaDeViajes.modelo.AgenciaDeViajes <init>
INFO: Se crea una nueva instancia de la Agencia de viajes
oct. 16, 2023 3:43:58 P. M. co.edu.uniquindio.agenciaDeViajes.modelo.AgenciaDeViajes verificarDatos
INFO: El usuario Alejandro Arango ha ingresado
oct. 16, 2023 3:51:22 P. M. co.edu.uniquindio.agenciaDeViajes.modelo.AgenciaDeViajes <init>
INFO: Se crea una nueva instancia de la Agencia de viajes
oct. 16, 2023 3:51:40 P. M. co.edu.uniquindio.agenciaDeViajes.modelo.AgenciaDeViajes verificarDatos
SEVERE: El usuario o contraseña son incorrectos
oct. 16, 2023 3:51:40 P. M. co.edu.uniquindio.agenciaDeViajes.modelo.AgenciaDeViajes verificarDatos
SEVERE: El usuario o contraseña son incorrectos
oct. 16, 2023 3:51:40 P. M. co.edu.uniquindio.agenciaDeViajes.modelo.AgenciaDeViajes verificarDatos
SEVERE: El usuario o contraseña son incorrectos
oct. 16, 2023 3:54:19 P. M. co.edu.uniquindio.agenciaDeViajes.modelo.AgenciaDeViajes <init>
INFO: Se crea una nueva instancia de la Agencia de viajes
oct. 16, 2023 3:54:29 P. M. co.edu.uniquindio.agenciaDeViajes.modelo.AgenciaDeViajes verificarDatos
SEVERE: El usuario o contraseña son incorrectos
oct. 16, 2023 3:54:29 P. M. co.edu.uniquindio.agenciaDeViajes.modelo.AgenciaDeViajes verificarDatos
SEVERE: El usuario o contraseña son incorrectos
oct. 16, 2023 3:54:29 P. M. co.edu.uniquindio.agenciaDeViajes.modelo.AgenciaDeViajes verificarDatos
SEVERE: El usuario o contraseña son incorrectos
oct. 16, 2023 3:58:20 P. M. co.edu.uniquindio.agenciaDeViajes.modelo.AgenciaDeViajes <init>
INFO: Se crea una nueva instancia de la Agencia de viajes
oct. 16, 2023 3:58:44 P. M. co.edu.uniquindio.agenciaDeViajes.modelo.AgenciaDeViajes verificarDatos
SEVERE: El usuario o contraseña son incorrectos
oct. 16, 2023 3:58:44 P. M. co.edu.uniquindio.agenciaDeViajes.modelo.AgenciaDeViajes verificarDatos
SEVERE: El usuario o contraseña son incorrectos
oct. 16, 2023 3:58:44 P. M. co.edu.uniquindio.agenciaDeViajes.modelo.AgenciaDeViajes verificarDatos
SEVERE: El usuario o contraseña son incorrectos
oct. 16, 2023 3:59:04 P. M. co.edu.uniquindio.agenciaDeViajes.modelo.AgenciaDeViajes verificarDatos
SEVERE: El usuario o contraseña son incorrectos
oct. 16, 2023 3:59:04 P. M. co.edu.uniquindio.agenciaDeViajes.modelo.AgenciaDeViajes verificarDatos
INFO: El usuario Jacqueline Fajardo ha ingresado
oct. 16, 2023 3:59:04 P. M. co.edu.uniquindio.agenciaDeViajes.modelo.AgenciaDeViajes verificarDatos
SEVERE: El usuario o contraseña son incorrectos
oct. 16, 2023 4:01:25 P. M. co.edu.uniquindio.agenciaDeViajes.modelo.AgenciaDeViajes <init>
INFO: Se crea una nueva instancia de la Agencia de viajes
oct. 16, 2023 4:06:25 P. M. co.edu.uniquindio.agenciaDeViajes.modelo.AgenciaDeViajes <init>
INFO: Se crea una nueva instancia de la Agencia de viajes
oct. 16, 2023 4:06:46 P. M. co.edu.uniquindio.agenciaDeViajes.modelo.AgenciaDeViajes verificarDatos
SEVERE: El usuario o contraseña son incorrectos
oct. 16, 2023 4:06:46 P. M. co.edu.uniquindio.agenciaDeViajes.modelo.AgenciaDeViajes verificarDatos
SEVERE: El usuario o contraseña son incorrectos
oct. 16, 2023 4:06:46 P. M. co.edu.uniquindio.agenciaDeViajes.modelo.AgenciaDeViajes verificarDatos
SEVERE: El usuario o contraseña son incorrectos
oct. 16, 2023 4:09:26 P. M. co.edu.uniquindio.agenciaDeViajes.modelo.AgenciaDeViajes <init>
INFO: Se crea una nueva instancia de la Agencia de viajes
oct. 16, 2023 4:10:39 P. M. co.edu.uniquindio.agenciaDeViajes.modelo.AgenciaDeViajes <init>
INFO: Se crea una nueva instancia de la Agencia de viajes
oct. 16, 2023 4:38:42 P. M. co.edu.uniquindio.agenciaDeViajes.modelo.AgenciaDeViajes <init>
INFO: Se crea una nueva instancia de la Agencia de viajes
oct. 16, 2023 4:39:55 P. M. co.edu.uniquindio.agenciaDeViajes.modelo.AgenciaDeViajes <init>
INFO: Se crea una nueva instancia de la Agencia de viajes
oct. 16, 2023 4:40:41 P. M. co.edu.uniquindio.agenciaDeViajes.modelo.AgenciaDeViajes <init>
INFO: Se crea una nueva instancia de la Agencia de viajes
oct. 16, 2023 4:41:37 P. M. co.edu.uniquindio.agenciaDeViajes.modelo.AgenciaDeViajes registrarCliente
INFO: Se ha registrado un nuevo cliente con la cedula: 1104804234
oct. 18, 2023 4:22:36 P. M. co.edu.uniquindio.agenciaDeViajes.modelo.AgenciaDeViajes <init>
INFO: Se crea una nueva instancia de la Agencia de viajes
oct. 18, 2023 4:31:44 P. M. co.edu.uniquindio.agenciaDeViajes.modelo.AgenciaDeViajes <init>
INFO: Se crea una nueva instancia de la Agencia de viajes
oct. 18, 2023 4:33:04 P. M. co.edu.uniquindio.agenciaDeViajes.modelo.AgenciaDeViajes registrarCliente
INFO: Se ha registrado un nuevo cliente con la cedula: 1104804234
oct. 18, 2023 4:49:36 P. M. co.edu.uniquindio.agenciaDeViajes.modelo.AgenciaDeViajes <init>
INFO: Se crea una nueva instancia de la Agencia de viajes
oct. 18, 2023 4:52:40 P. M. co.edu.uniquindio.agenciaDeViajes.modelo.AgenciaDeViajes <init>
INFO: Se crea una nueva instancia de la Agencia de viajes
oct. 18, 2023 4:53:27 P. M. co.edu.uniquindio.agenciaDeViajes.modelo.AgenciaDeViajes <init>
INFO: Se crea una nueva instancia de la Agencia de viajes
oct. 18, 2023 5:22:22 P. M. co.edu.uniquindio.agenciaDeViajes.modelo.AgenciaDeViajes <init>
INFO: Se crea una nueva instancia de la Agencia de viajes
oct. 18, 2023 5:23:03 P. M. co.edu.uniquindio.agenciaDeViajes.modelo.AgenciaDeViajes <init>
INFO: Se crea una nueva instancia de la Agencia de viajes
oct. 20, 2023 10:56:12 A. M. co.edu.uniquindio.agenciaDeViajes.modelo.AgenciaDeViajes <init>
INFO: Se crea una nueva instancia de la Agencia de viajes
oct. 20, 2023 11:02:01 A. M. co.edu.uniquindio.agenciaDeViajes.modelo.AgenciaDeViajes <init>
INFO: Se crea una nueva instancia de la Agencia de viajes
oct. 20, 2023 11:15:41 A. M. co.edu.uniquindio.agenciaDeViajes.modelo.AgenciaDeViajes <init>
INFO: Se crea una nueva instancia de la Agencia de viajes
oct. 20, 2023 11:16:51 A. M. co.edu.uniquindio.agenciaDeViajes.modelo.AgenciaDeViajes <init>
INFO: Se crea una nueva instancia de la Agencia de viajes
oct. 20, 2023 11:17:10 A. M. co.edu.uniquindio.agenciaDeViajes.modelo.AgenciaDeViajes actualizarCliente
INFO: Se ha actualizaco al cliente con la cedula: 29227599
oct. 20, 2023 11:29:12 A. M. co.edu.uniquindio.agenciaDeViajes.modelo.AgenciaDeViajes <init>
INFO: Se crea una nueva instancia de la Agencia de viajes
oct. 20, 2023 11:29:43 A. M. co.edu.uniquindio.agenciaDeViajes.modelo.AgenciaDeViajes actualizarCliente
INFO: Se ha actualizaco al cliente con la cedula: 29227599
oct. 20, 2023 12:26:24 P. M. co.edu.uniquindio.agenciaDeViajes.modelo.AgenciaDeViajes <init>
INFO: Se crea una nueva instancia de la Agencia de viajes
oct. 20, 2023 12:26:53 P. M. co.edu.uniquindio.agenciaDeViajes.modelo.AgenciaDeViajes actualizarCliente
INFO: Se ha actualizaco al cliente con la cedula: 29227599
oct. 20, 2023 12:26:53 P. M. co.edu.uniquindio.agenciaDeViajes.modelo.AgenciaDeViajes actualizarCliente
INFO: Se ha actualizaco al cliente con la cedula: 29227599
oct. 20, 2023 12:37:01 P. M. co.edu.uniquindio.agenciaDeViajes.modelo.AgenciaDeViajes <init>
INFO: Se crea una nueva instancia de la Agencia de viajes
oct. 20, 2023 12:37:31 P. M. co.edu.uniquindio.agenciaDeViajes.modelo.AgenciaDeViajes actualizarCliente
INFO: Se ha actualizaco al cliente con la cedula: 29227599
oct. 20, 2023 12:39:30 P. M. co.edu.uniquindio.agenciaDeViajes.modelo.AgenciaDeViajes <init>
INFO: Se crea una nueva instancia de la Agencia de viajes
oct. 20, 2023 12:40:11 P. M. co.edu.uniquindio.agenciaDeViajes.modelo.AgenciaDeViajes actualizarCliente
INFO: Se ha actualizaco al cliente con la cedula: 16282664
oct. 20, 2023 12:41:14 P. M. co.edu.uniquindio.agenciaDeViajes.modelo.AgenciaDeViajes <init>
INFO: Se crea una nueva instancia de la Agencia de viajes
oct. 21, 2023 12:22:25 P. M. co.edu.uniquindio.agenciaDeViajes.modelo.AgenciaDeViajes <init>
INFO: Se crea una nueva instancia de la Agencia de viajes
oct. 21, 2023 12:25:50 P. M. co.edu.uniquindio.agenciaDeViajes.modelo.AgenciaDeViajes registrarDestino
INFO: Se ha registrado el nuevo destino: Parque del Café
oct. 21, 2023 12:25:58 P. M. co.edu.uniquindio.agenciaDeViajes.modelo.AgenciaDeViajes registrarDestino
INFO: Se ha registrado el nuevo destino: Parque del Café
oct. 21, 2023 1:27:21 P. M. co.edu.uniquindio.agenciaDeViajes.modelo.AgenciaDeViajes <init>
INFO: Se crea una nueva instancia de la Agencia de viajes
oct. 21, 2023 1:30:48 P. M. co.edu.uniquindio.agenciaDeViajes.modelo.AgenciaDeViajes <init>
INFO: Se crea una nueva instancia de la Agencia de viajes
oct. 21, 2023 1:32:30 P. M. co.edu.uniquindio.agenciaDeViajes.modelo.AgenciaDeViajes registrarDestino
INFO: Se ha registrado el nuevo destino: Parque del Cafe
oct. 21, 2023 1:37:42 P. M. co.edu.uniquindio.agenciaDeViajes.modelo.AgenciaDeViajes <init>
INFO: Se crea una nueva instancia de la Agencia de viajes
oct. 21, 2023 2:31:11 P. M. co.edu.uniquindio.agenciaDeViajes.modelo.AgenciaDeViajes <init>
INFO: Se crea una nueva instancia de la Agencia de viajes
oct. 21, 2023 2:32:31 P. M. co.edu.uniquindio.agenciaDeViajes.modelo.AgenciaDeViajes <init>
INFO: Se crea una nueva instancia de la Agencia de viajes
oct. 21, 2023 2:33:05 P. M. co.edu.uniquindio.agenciaDeViajes.modelo.AgenciaDeViajes actualizarDestino
INFO: Se ha actualizado al destino con nombre: Parque del Cafe
oct. 21, 2023 2:34:16 P. M. co.edu.uniquindio.agenciaDeViajes.modelo.AgenciaDeViajes <init>
INFO: Se crea una nueva instancia de la Agencia de viajes
oct. 21, 2023 2:34:43 P. M. co.edu.uniquindio.agenciaDeViajes.modelo.AgenciaDeViajes actualizarDestino
INFO: Se ha actualizado al destino con nombre: Parque del Cafe
oct. 21, 2023 2:36:11 P. M. co.edu.uniquindio.agenciaDeViajes.modelo.AgenciaDeViajes <init>
INFO: Se crea una nueva instancia de la Agencia de viajes
oct. 21, 2023 3:35:42 P. M. co.edu.uniquindio.agenciaDeViajes.modelo.AgenciaDeViajes <init>
INFO: Se crea una nueva instancia de la Agencia de viajes
oct. 21, 2023 3:37:16 P. M. co.edu.uniquindio.agenciaDeViajes.modelo.AgenciaDeViajes <init>
INFO: Se crea una nueva instancia de la Agencia de viajes
oct. 21, 2023 3:37:42 P. M. co.edu.uniquindio.agenciaDeViajes.modelo.AgenciaDeViajes actualizarDestino
INFO: Se ha actualizado al destino con nombre: Parque del Cafe
oct. 21, 2023 3:57:56 P. M. co.edu.uniquindio.agenciaDeViajes.modelo.AgenciaDeViajes <init>
INFO: Se crea una nueva instancia de la Agencia de viajes
oct. 21, 2023 3:59:06 P. M. co.edu.uniquindio.agenciaDeViajes.modelo.AgenciaDeViajes <init>
INFO: Se crea una nueva instancia de la Agencia de viajes
oct. 21, 2023 4:09:15 P. M. co.edu.uniquindio.agenciaDeViajes.modelo.AgenciaDeViajes <init>
INFO: Se crea una nueva instancia de la Agencia de viajes
oct. 21, 2023 4:11:39 P. M. co.edu.uniquindio.agenciaDeViajes.modelo.AgenciaDeViajes <init>
INFO: Se crea una nueva instancia de la Agencia de viajes
oct. 21, 2023 4:15:36 P. M. co.edu.uniquindio.agenciaDeViajes.modelo.AgenciaDeViajes <init>
INFO: Se crea una nueva instancia de la Agencia de viajes
oct. 21, 2023 4:17:10 P. M. co.edu.uniquindio.agenciaDeViajes.modelo.AgenciaDeViajes actualizarDestino
INFO: Se ha actualizado al destino con nombre: Parque del Cafe
